-------------------------------------------------------------------------------
Test set: com.clickpay.ClickPayApplicationTests
-------------------------------------------------------------------------------
Tests run: 1, Failures: 0, Errors: 1, Skipped: 0, Time elapsed: 0.686 s <<< FAILURE! - in com.clickpay.ClickPayApplicationTests
com.clickpay.ClickPayApplicationTests  Time elapsed: 0.682 s  <<< ERROR!
java.lang.IllegalStateException: Unable to find a @SpringBootConfiguration, you need to use @ContextConfiguration or @SpringBootTest(classes=...) with your test

